\BOOKMARK [1][-]{section.1}{Introduction}{}
\BOOKMARK [2][-]{subsection.1.1}{Benefits}{section.1}
\BOOKMARK [2][-]{subsection.1.2}{Meadow devices}{section.1}
\BOOKMARK [2][-]{subsection.1.3}{Device services}{section.1}
\BOOKMARK [2][-]{subsection.1.4}{Coordinating device interaction}{section.1}
\BOOKMARK [2][-]{subsection.1.5}{Meadow processes}{section.1}
\BOOKMARK [1][-]{section.2}{The Meadowview Language}{}
\BOOKMARK [2][-]{subsection.2.1}{Core language}{section.2}
\BOOKMARK [2][-]{subsection.2.2}{Process language}{section.2}
\BOOKMARK [1][-]{section.3}{The Meadow VM}{}
\BOOKMARK [2][-]{subsection.3.1}{Architecture of Meadow VM}{section.3}
\BOOKMARK [2][-]{subsection.3.2}{Example flow: Device property query}{section.3}
\BOOKMARK [2][-]{subsection.3.3}{Events vs event reactors}{section.3}
\BOOKMARK [2][-]{subsection.3.4}{Handling exceptions}{section.3}
\BOOKMARK [1][-]{section.4}{The Meadow System Services}{}
\BOOKMARK [2][-]{subsection.4.1}{Meadow device registry service}{section.4}
\BOOKMARK [2][-]{subsection.4.2}{Meadow process service}{section.4}
\BOOKMARK [2][-]{subsection.4.3}{Meadow device group service}{section.4}
\BOOKMARK [2][-]{subsection.4.4}{Meadow security service}{section.4}
\BOOKMARK [2][-]{subsection.4.5}{Meadow logging service}{section.4}
\BOOKMARK [1][-]{section.5}{The Meadow API}{}
\BOOKMARK [2][-]{subsection.5.1}{Event service API}{section.5}
\BOOKMARK [2][-]{subsection.5.2}{Property service API}{section.5}
\BOOKMARK [2][-]{subsection.5.3}{Function service API}{section.5}
\BOOKMARK [2][-]{subsection.5.4}{Reactor API}{section.5}
\BOOKMARK [2][-]{subsection.5.5}{C value binding API}{section.5}
\BOOKMARK [1][-]{section.6}{Meadow Tools}{}
\BOOKMARK [2][-]{subsection.6.1}{Meadow shell}{section.6}
\BOOKMARK [2][-]{subsection.6.2}{Meadow interface checker}{section.6}
