\BOOKMARK [1][-]{section.1}{Introduction}{}
\BOOKMARK [2][-]{subsection.1.1}{Processes}{section.1}
\BOOKMARK [2][-]{subsection.1.2}{Reactors}{section.1}
\BOOKMARK [2][-]{subsection.1.3}{Functions}{section.1}
\BOOKMARK [2][-]{subsection.1.4}{Devices}{section.1}
\BOOKMARK [2][-]{subsection.1.5}{Workflows}{section.1}
\BOOKMARK [2][-]{subsection.1.6}{Reactive processes}{section.1}
\BOOKMARK [1][-]{section.2}{Devices}{}
\BOOKMARK [2][-]{subsection.2.1}{Native functions}{section.2}
\BOOKMARK [2][-]{subsection.2.2}{Properties}{section.2}
\BOOKMARK [2][-]{subsection.2.3}{Events}{section.2}
\BOOKMARK [2][-]{subsection.2.4}{Interface definition of devices}{section.2}
\BOOKMARK [2][-]{subsection.2.5}{Instantiation of devices}{section.2}
\BOOKMARK [1][-]{section.3}{Workflows}{}
\BOOKMARK [2][-]{subsection.3.1}{Definition of workflows}{section.3}
\BOOKMARK [2][-]{subsection.3.2}{Processes}{section.3}
\BOOKMARK [2][-]{subsection.3.3}{Hierarchy of workflows}{section.3}
\BOOKMARK [2][-]{subsection.3.4}{Connectors}{section.3}
\BOOKMARK [2][-]{subsection.3.5}{Liftime of workflows}{section.3}
\BOOKMARK [3][-]{subsubsection.3.5.1}{Instantiation of workflows}{subsection.3.5}
\BOOKMARK [3][-]{subsubsection.3.5.2}{Destruction of workflow instances}{subsection.3.5}
\BOOKMARK [1][-]{section.4}{Processes}{}
\BOOKMARK [2][-]{subsection.4.1}{Event sensitivity}{section.4}
\BOOKMARK [1][-]{section.5}{Values}{}
\BOOKMARK [1][-]{section.6}{Variables}{}
\BOOKMARK [2][-]{subsection.6.1}{Lifetime of variables}{section.6}
\BOOKMARK [1][-]{section.7}{Expressions}{}
\BOOKMARK [1][-]{section.8}{Statements}{}
\BOOKMARK [2][-]{subsection.8.1}{Variable definition}{section.8}
\BOOKMARK [2][-]{subsection.8.2}{Branching}{section.8}
\BOOKMARK [2][-]{subsection.8.3}{Loops}{section.8}
\BOOKMARK [2][-]{subsection.8.4}{Event wait}{section.8}
\BOOKMARK [2][-]{subsection.8.5}{Event generation}{section.8}
\BOOKMARK [2][-]{subsection.8.6}{Native function call}{section.8}
\BOOKMARK [2][-]{subsection.8.7}{Function definition}{section.8}
\BOOKMARK [1][-]{section.9}{Built-in Functions}{}
\BOOKMARK [2][-]{subsection.9.1}{Device location}{section.9}
\BOOKMARK [1][-]{section.10}{Example: Treadmill Example}{}
