\BOOKMARK [1][-]{section.1}{Topologies}{}
\BOOKMARK [2][-]{subsection.1.1}{Pair}{section.1}
\BOOKMARK [2][-]{subsection.1.2}{Chain}{section.1}
\BOOKMARK [2][-]{subsection.1.3}{Ring}{section.1}
\BOOKMARK [2][-]{subsection.1.4}{Clique}{section.1}
\BOOKMARK [2][-]{subsection.1.5}{Tree}{section.1}
\BOOKMARK [2][-]{subsection.1.6}{Systolic array}{section.1}
\BOOKMARK [1][-]{section.2}{Classic Problems}{}
\BOOKMARK [2][-]{subsection.2.1}{Producer-consumer}{section.2}
\BOOKMARK [3][-]{subsubsection.2.1.1}{One producer, one consumer}{subsection.2.1}
\BOOKMARK [2][-]{subsection.2.2}{Readers-writers}{section.2}
\BOOKMARK [2][-]{subsection.2.3}{Dining philosopher}{section.2}
\BOOKMARK [1][-]{section.3}{Hadoop style flow}{}
\BOOKMARK [2][-]{subsection.3.1}{Coroutine}{section.3}
\BOOKMARK [2][-]{subsection.3.2}{Ping-ping}{section.3}
\BOOKMARK [2][-]{subsection.3.3}{Fork-join: Divide-and-conquer}{section.3}
\BOOKMARK [2][-]{subsection.3.4}{Fork-join-any}{section.3}
\BOOKMARK [2][-]{subsection.3.5}{Fork-join-none}{section.3}
\BOOKMARK [2][-]{subsection.3.6}{Map-reduce}{section.3}
\BOOKMARK [2][-]{subsection.3.7}{Arbitrary graph}{section.3}
\BOOKMARK [1][-]{section.4}{Workflow patterns}{}
\BOOKMARK [2][-]{subsection.4.1}{Workflow data patterns}{section.4}
\BOOKMARK [2][-]{subsection.4.2}{Workflow control patterns}{section.4}
\BOOKMARK [2][-]{subsection.4.3}{Workflow resource patterns}{section.4}
\BOOKMARK [2][-]{subsection.4.4}{Workflow exception handling patterns}{section.4}
\BOOKMARK [1][-]{section.5}{Service interaction patterns}{}
\BOOKMARK [1][-]{section.6}{Device selection patterns}{}
\BOOKMARK [2][-]{subsection.6.1}{Roles: Any device in the group}{section.6}
\BOOKMARK [1][-]{section.7}{Communication patterns}{}
\BOOKMARK [2][-]{subsection.7.1}{Broadcasting}{section.7}
\BOOKMARK [2][-]{subsection.7.2}{Multicasting}{section.7}
\BOOKMARK [1][-]{section.8}{Data access/transfer patterns}{}
\BOOKMARK [2][-]{subsection.8.1}{Pipes}{section.8}
\BOOKMARK [2][-]{subsection.8.2}{Blackboards}{section.8}
\BOOKMARK [2][-]{subsection.8.3}{Shared variable}{section.8}
\BOOKMARK [2][-]{subsection.8.4}{Streaming}{section.8}
\BOOKMARK [1][-]{section.9}{Applications}{}
\BOOKMARK [2][-]{subsection.9.1}{Messenger}{section.9}
\BOOKMARK [2][-]{subsection.9.2}{Chatting}{section.9}
