Release 12.3 - xst M.70d (lin)
Copyright (c) 1995-2010 Xilinx, Inc.  All rights reserved.
--> 
Parameter TMPDIR set to xst/projnav.tmp


Total REAL time to Xst completion: 5.00 secs
Total CPU time to Xst completion: 0.06 secs
 
--> 
Parameter xsthdpdir set to xst


Total REAL time to Xst completion: 5.00 secs
Total CPU time to Xst completion: 0.06 secs
 
--> 
Reading design: jc2_top.prj

TABLE OF CONTENTS
  1) Synthesis Options Summary
  2) HDL Compilation
  3) Design Hierarchy Analysis
  4) HDL Analysis
  5) HDL Synthesis
     5.1) HDL Synthesis Report
  6) Advanced HDL Synthesis
     6.1) Advanced HDL Synthesis Report
  7) Low Level Synthesis
  8) Partition Report
  9) Final Report

=========================================================================
*                      Synthesis Options Summary                        *
=========================================================================
---- Source Parameters
Input File Name                    : "jc2_top.prj"
Input Format                       : mixed
Ignore Synthesis Constraint File   : NO

---- Target Parameters
Output File Name                   : "jc2_top"
Output Format                      : NGC
Target Device                      : XC9500XL CPLDs

---- Source Options
Top Module Name                    : jc2_top
Automatic FSM Extraction           : YES
FSM Encoding Algorithm             : Auto
Safe Implementation                : No
Mux Extraction                     : Yes
Resource Sharing                   : YES

---- Target Options
Add IO Buffers                     : YES
MACRO Preserve                     : YES
XOR Preserve                       : YES
Equivalent register Removal        : YES

---- General Options
Optimization Goal                  : Speed
Optimization Effort                : 1
Keep Hierarchy                     : Yes
Netlist Hierarchy                  : As_Optimized
RTL Output                         : Yes
Hierarchy Separator                : /
Bus Delimiter                      : <>
Case Specifier                     : Maintain
Verilog 2001                       : YES

---- Other Options
Clock Enable                       : YES
wysiwyg                            : NO

=========================================================================


=========================================================================
*                          HDL Compilation                              *
=========================================================================
Compiling verilog file "jc2_top.v" in library work
Module <jc2_top> compiled
No errors in compilation
Analysis of file <"jc2_top.prj"> succeeded.
 

=========================================================================
*                     Design Hierarchy Analysis                         *
=========================================================================
Analyzing hierarchy for module <jc2_top> in library <work>.


=========================================================================
*                            HDL Analysis                               *
=========================================================================
Analyzing top module <jc2_top>.
Module <jc2_top> is correct for synthesis.
 

=========================================================================
*                           HDL Synthesis                               *
=========================================================================

Performing bidirectional port resolution...

Synthesizing Unit <jc2_top>.
    Related source file is "jc2_top.v".
    Found 4-bit register for signal <q>.
    Found 1-bit register for signal <dir>.
    Found 1-bit register for signal <run>.
    Summary:
	inferred   5 D-type flip-flop(s).
Unit <jc2_top> synthesized.


=========================================================================
HDL Synthesis Report

Macro Statistics
# Registers                                            : 6
 1-bit register                                        : 6

=========================================================================

=========================================================================
*                       Advanced HDL Synthesis                          *
=========================================================================


=========================================================================
Advanced HDL Synthesis Report

Macro Statistics
# Registers                                            : 5
 Flip-Flops                                            : 5

=========================================================================

=========================================================================
*                         Low Level Synthesis                           *
=========================================================================

Optimizing unit <jc2_top> ...
  implementation constraint: INIT=r	 : run
  implementation constraint: INIT=r	 : q_3
  implementation constraint: INIT=r	 : q_2
  implementation constraint: INIT=r	 : q_1
  implementation constraint: INIT=r	 : q_0
  implementation constraint: INIT=r	 : dir

=========================================================================
*                           Partition Report                            *
=========================================================================

Partition Implementation Status
-------------------------------

  No Partitions were found in this design.

-------------------------------

=========================================================================
*                            Final Report                               *
=========================================================================
Final Results
RTL Top Level Output File Name     : jc2_top.ngr
Top Level Output File Name         : jc2_top
Output Format                      : NGC
Optimization Goal                  : Speed
Keep Hierarchy                     : Yes
Target Technology                  : XC9500XL CPLDs
Macro Preserve                     : YES
XOR Preserve                       : YES
Clock Enable                       : YES
wysiwyg                            : NO

Design Statistics
# IOs                              : 8

Cell Usage :
# BELS                             : 27
#      AND2                        : 10
#      GND                         : 1
#      INV                         : 9
#      OR2                         : 7
# FlipFlops/Latches                : 6
#      FD                          : 1
#      FDCE                        : 5
# IO Buffers                       : 8
#      IBUF                        : 4
#      OBUF                        : 4
=========================================================================


Total REAL time to Xst completion: 14.00 secs
Total CPU time to Xst completion: 3.31 secs
 
--> 


Total memory usage is 144212 kilobytes

Number of errors   :    0 (   0 filtered)
Number of warnings :    0 (   0 filtered)
Number of infos    :    0 (   0 filtered)

