\BOOKMARK [1][-]{section.1}{Introduction}{}
\BOOKMARK [1][-]{section.2}{Basic Types}{}
\BOOKMARK [2][-]{subsection.2.1}{Scalar vs Aggregate Types}{section.2}
\BOOKMARK [2][-]{subsection.2.2}{Booleans}{section.2}
\BOOKMARK [2][-]{subsection.2.3}{Integers}{section.2}
\BOOKMARK [2][-]{subsection.2.4}{Real numbers}{section.2}
\BOOKMARK [2][-]{subsection.2.5}{Time}{section.2}
\BOOKMARK [2][-]{subsection.2.6}{Characters}{section.2}
\BOOKMARK [2][-]{subsection.2.7}{Symbols}{section.2}
\BOOKMARK [2][-]{subsection.2.8}{Strings}{section.2}
\BOOKMARK [2][-]{subsection.2.9}{Pairs}{section.2}
\BOOKMARK [2][-]{subsection.2.10}{Lists}{section.2}
\BOOKMARK [2][-]{subsection.2.11}{Vectors}{section.2}
\BOOKMARK [2][-]{subsection.2.12}{Named maps}{section.2}
\BOOKMARK [2][-]{subsection.2.13}{Events}{section.2}
\BOOKMARK [2][-]{subsection.2.14}{Devices}{section.2}
\BOOKMARK [2][-]{subsection.2.15}{Functions}{section.2}
\BOOKMARK [2][-]{subsection.2.16}{Reactors}{section.2}
\BOOKMARK [2][-]{subsection.2.17}{Event reactors}{section.2}
\BOOKMARK [2][-]{subsection.2.18}{Timed reactors}{section.2}
\BOOKMARK [2][-]{subsection.2.19}{Processes}{section.2}
\BOOKMARK [1][-]{section.3}{Functions}{}
\BOOKMARK [2][-]{subsection.3.1}{Overview}{section.3}
\BOOKMARK [2][-]{subsection.3.2}{Syntactic form}{section.3}
\BOOKMARK [2][-]{subsection.3.3}{Example}{section.3}
\BOOKMARK [1][-]{section.4}{Reactors}{}
\BOOKMARK [2][-]{subsection.4.1}{Overview}{section.4}
\BOOKMARK [2][-]{subsection.4.2}{Syntactic form}{section.4}
\BOOKMARK [2][-]{subsection.4.3}{Semantics}{section.4}
\BOOKMARK [2][-]{subsection.4.4}{Example}{section.4}
\BOOKMARK [2][-]{subsection.4.5}{Use of event class}{section.4}
\BOOKMARK [1][-]{section.5}{Processes}{}
\BOOKMARK [2][-]{subsection.5.1}{Syntactic form}{section.5}
\BOOKMARK [2][-]{subsection.5.2}{Example}{section.5}
\BOOKMARK [2][-]{subsection.5.3}{Process names}{section.5}
\BOOKMARK [2][-]{subsection.5.4}{Events}{section.5}
\BOOKMARK [2][-]{subsection.5.5}{Properties}{section.5}
\BOOKMARK [2][-]{subsection.5.6}{Compilation of processes}{section.5}
\BOOKMARK [2][-]{subsection.5.7}{Instantiation of processes}{section.5}
\BOOKMARK [2][-]{subsection.5.8}{Lieftime of a process}{section.5}
\BOOKMARK [2][-]{subsection.5.9}{Execution of processes}{section.5}
\BOOKMARK [2][-]{subsection.5.10}{Non-native exports}{section.5}
\BOOKMARK [2][-]{subsection.5.11}{The start function}{section.5}
\BOOKMARK [2][-]{subsection.5.12}{The initial function}{section.5}
\BOOKMARK [2][-]{subsection.5.13}{The final function}{section.5}
\BOOKMARK [2][-]{subsection.5.14}{Dismissal of processes}{section.5}
\BOOKMARK [1][-]{section.6}{Expressions}{}
\BOOKMARK [2][-]{subsection.6.1}{Time}{section.6}
\BOOKMARK [2][-]{subsection.6.2}{Variable references}{section.6}
\BOOKMARK [3][-]{subsubsection.6.2.1}{List entry reference}{subsection.6.2}
\BOOKMARK [3][-]{subsubsection.6.2.2}{Vector entry reference}{subsection.6.2}
\BOOKMARK [3][-]{subsubsection.6.2.3}{Named map entry reference}{subsection.6.2}
\BOOKMARK [2][-]{subsection.6.3}{Arithmetic expressions}{section.6}
\BOOKMARK [2][-]{subsection.6.4}{Property References}{section.6}
\BOOKMARK [2][-]{subsection.6.5}{Function calls}{section.6}
\BOOKMARK [1][-]{section.7}{Statements}{}
\BOOKMARK [2][-]{subsection.7.1}{Sequence}{section.7}
\BOOKMARK [2][-]{subsection.7.2}{Parallel-fork}{section.7}
\BOOKMARK [2][-]{subsection.7.3}{Assignments}{section.7}
\BOOKMARK [2][-]{subsection.7.4}{Event trigger}{section.7}
\BOOKMARK [2][-]{subsection.7.5}{Function calls}{section.7}
\BOOKMARK [2][-]{subsection.7.6}{Branches}{section.7}
\BOOKMARK [2][-]{subsection.7.7}{Loops}{section.7}
\BOOKMARK [1][-]{section.8}{Standard Library}{}
\BOOKMARK [2][-]{subsection.8.1}{Devices}{section.8}
\BOOKMARK [3][-]{subsubsection.8.1.1}{device\137self}{subsection.8.1}
\BOOKMARK [3][-]{subsubsection.8.1.2}{device\137find}{subsection.8.1}
\BOOKMARK [3][-]{subsubsection.8.1.3}{device\137has\137function}{subsection.8.1}
\BOOKMARK [3][-]{subsubsection.8.1.4}{device\137has\137event}{subsection.8.1}
\BOOKMARK [3][-]{subsubsection.8.1.5}{device\137has\137property}{subsection.8.1}
\BOOKMARK [3][-]{subsubsection.8.1.6}{device\137alive\137p}{subsection.8.1}
\BOOKMARK [2][-]{subsection.8.2}{Strings}{section.8}
\BOOKMARK [3][-]{subsubsection.8.2.1}{string\137find}{subsection.8.2}
\BOOKMARK [3][-]{subsubsection.8.2.2}{string\137concat}{subsection.8.2}
\BOOKMARK [1][-]{section.9}{MVIR}{}
\BOOKMARK [2][-]{subsection.9.1}{Arithmetic/Logic}{section.9}
\BOOKMARK [2][-]{subsection.9.2}{Branching}{section.9}
\BOOKMARK [2][-]{subsection.9.3}{Branching}{section.9}
