\BOOKMARK [1][-]{section.1}{Platform}{}
\BOOKMARK [2][-]{subsection.1.1}{Philosophy, assumptions, etc.}{section.1}
\BOOKMARK [2][-]{subsection.1.2}{Key concepts}{section.1}
\BOOKMARK [2][-]{subsection.1.3}{Distributed vs centralized}{section.1}
\BOOKMARK [2][-]{subsection.1.4}{Runtime needed on devices?}{section.1}
\BOOKMARK [2][-]{subsection.1.5}{Distributed vs centralized}{section.1}
\BOOKMARK [2][-]{subsection.1.6}{Runtime with varying capability}{section.1}
\BOOKMARK [1][-]{section.2}{Devices}{}
\BOOKMARK [2][-]{subsection.2.1}{Notion of device types}{section.2}
\BOOKMARK [2][-]{subsection.2.2}{Supported networking protocols}{section.2}
\BOOKMARK [1][-]{section.3}{Services: Adding ``Logic''}{}
\BOOKMARK [2][-]{subsection.3.1}{What types of service abstractions}{section.3}
\BOOKMARK [2][-]{subsection.3.2}{Where to deploy services?}{section.3}
\BOOKMARK [2][-]{subsection.3.3}{When can services be deployed?}{section.3}
\BOOKMARK [2][-]{subsection.3.4}{How can services be deployed?}{section.3}
\BOOKMARK [2][-]{subsection.3.5}{Who deploys services?}{section.3}
\BOOKMARK [2][-]{subsection.3.6}{In which language?}{section.3}
\BOOKMARK [1][-]{section.4}{Security Model}{}
\BOOKMARK [2][-]{subsection.4.1}{Addition of services}{section.4}
\BOOKMARK [2][-]{subsection.4.2}{Companies}{section.4}
\BOOKMARK [2][-]{subsection.4.3}{Target domains}{section.4}
\BOOKMARK [2][-]{subsection.4.4}{How products are differentiated}{section.4}
